C51 COMPILER V9.01   H156                                                                  11/27/2014 13:21:00 PAGE 1   


C51 COMPILER V9.01, COMPILATION OF MODULE H156
OBJECT MODULE PLACED IN H156.OBJ
COMPILER INVOKED BY: C:\Keil\C51\BIN\C51.EXE H156.c BROWSE DEBUG OBJECTEXTEND

line level    source

   1          /********************************************/
   2          //H156数码管模块测试程序
   3          //循环显示0-F,级联数量无限制，用于显示功能测试
   4          //hiold.taobao.com
   5          /********************************************/
   6          
   7          #include <STC12C5A60S2.H>
   8          
   9          /*******************************************/
  10          
  11          sbit DS = P1^0; //串行数据
  12          sbit ST = P1^1; //存储寄存器时钟
  13          sbit SH = P1^2; //移位寄存器时钟
  14          
  15          /////////////////////////////////////////////
  16          
  17          /*******************************************/
  18          
  19          unsigned char code LED16[] = 
  20          {// 0    1        2        3    4        5        6        7    8        9        A        b    C    d    E    F    
  21                  0x40,0x79,0x24,0x30,0x19,0x12,0x02,0x78,0x00,0x10,0x08,0x03,0x46,0x21,0x06,0x0e
  22          };
  23          
  24          ////////////////////////////////////////////
  25          
  26          /*******************************************/
  27          //延时
  28          /*******************************************/
  29          
  30          void Delay()            //@11.0592MHz
  31          {
  32   1              unsigned char i, j, k;
  33   1      
  34   1              i = 12;
  35   1              j = 129;
  36   1              k = 119;
  37   1              do
  38   1              {
  39   2                      do
  40   2                      {
  41   3                              while (--k);
  42   3                      } while (--j);
  43   2              } while (--i);
  44   1      }
  45          
  46          /////////////////////////////////////////////
  47          
  48          /*******************************************/
  49          //发送数据
  50          /*******************************************/
  51          void Display(unsigned char n)
  52          {
  53   1              unsigned char i;
  54   1              for(i=0;i<8;i++) //发达8位数据
  55   1              {
C51 COMPILER V9.01   H156                                                                  11/27/2014 13:21:00 PAGE 2   

  56   2                      if(n&0x80)DS=1;
  57   2                      else DS=0;    //判断当前发送位数据
  58   2                      n <<= 1;      //左移一位
  59   2                      SH = 0;
  60   2                      SH = 1;       //移位寄存器操作
  61   2              }
  62   1      }
  63          
  64          /////////////////////////////////////////////
  65          
  66          /*******************************************/
  67          //主程序
  68          /*******************************************/
  69          
  70          void main()
  71          {
  72   1              unsigned char LED,m;
  73   1              unsigned char code *LED_table;  //查表指针
  74   1              while(1)
  75   1              {
  76   2                      if(LED>=16)     //循环显示0-F
  77   2                      {
  78   3                              LED=0;
  79   3                      }
  80   2                      LED_table = LED16 + LED;
  81   2                      m = *LED_table;
  82   2                      Display(m);     //送显示
  83   2                      ST = 0;
  84   2                      ST = 1;         //存储寄存器操作
  85   2                      LED++;
  86   2                      Delay();
  87   2              }
  88   1      
  89   1      }
  90          
  91          /////////////////////////////////////////////
  92          
  93          


MODULE INFORMATION:   STATIC OVERLAYABLE
   CODE SIZE        =     78    ----
   CONSTANT SIZE    =     16    ----
   XDATA SIZE       =   ----    ----
   PDATA SIZE       =   ----    ----
   DATA SIZE        =   ----       2
   IDATA SIZE       =   ----    ----
   BIT SIZE         =   ----    ----
END OF MODULE INFORMATION.


C51 COMPILATION COMPLETE.  0 WARNING(S),  0 ERROR(S)
