C51 COMPILER V9.56.0.0   MAIN                                                              08/10/2017 10:44:22 PAGE 1   


C51 COMPILER V9.56.0.0, COMPILATION OF MODULE MAIN
OBJECT MODULE PLACED IN .\Objects\main.obj
COMPILER INVOKED BY: D:\Program Files (x86)\Keil_C51\C51\BIN\C51.EXE main.c OPTIMIZE(8,SPEED) BROWSE DEBUG OBJECTEXTEND 
                    -PRINT(.\Listings\main.lst) TABS(2) OBJECT(.\Objects\main.obj)

line level    source

   1          #include <STC15.h>
   2          #include <1602.h>
   3          #include <intrins.h>
   4          #include <12864.h>
   5          #include <EEPROM.h>
   6          
   7          
   8          u8  code uctech[] = {"南通国芯微电子  "};
   9          u8  tmp[2]={10,11};
  10          u8  tmp1[2]={0,0};
  11          
  12          void Delay(uint n)
  13          {
  14   1          uint x;
  15   1      
  16   1          while (n--)
  17   1          {
  18   2              x = 5000;
  19   2              while (x--);
  20   2          }
  21   1      }
  22          
  23          void InitADC()
  24          {
  25   1          P1ASF = 0xff;                  
  26   1          ADC_RES = 0;                   
  27   1          ADC_CONTR =0xE0;  //最高速率  90T   122.88kHZ
  28   1          Delay(2);     
  29   1      }
  30          
  31          uint  Get_ADC10bitResult(uchar channel) //channel = 0~7
  32          {
  33   1        ADC_RES = 0;
  34   1        ADC_RESL = 0;
  35   1      
  36   1        ADC_CONTR = (ADC_CONTR & 0xe0) | 0x08 | channel;  //start the ADC
  37   1        _nop_();_nop_();_nop_();_nop_();
  38   1      
  39   1        while((ADC_CONTR & 0x10) == 0)  ; //wait for ADC finish
  40   1        ADC_CONTR &= ~0x10;   //清除ADC结束标志
  41   1        return  (((uint)ADC_RES << 2) | (ADC_RESL & 3));
  42   1      }
  43          
  44          uint ReadAD(uchar channel)
  45          {       
  46   1              uchar i;
  47   1              uint j,Value,Bandgap;
  48   1      
  49   1              P1ASF = 0;
  50   1              Get_ADC10bitResult(0);
  51   1              for(j=0, i=0; i<16; i++)
  52   1              {
  53   2                j += Get_ADC10bitResult(0); 
  54   2              }
C51 COMPILER V9.56.0.0   MAIN                                                              08/10/2017 10:44:22 PAGE 2   

  55   1              Bandgap = j >> 4; 
  56   1              
  57   1              P1ASF = 0xff;
  58   1              
  59   1              for(j=0, i=0; i<16; i++)
  60   1              {
  61   2                j += Get_ADC10bitResult(channel); //读外部电压ADC
  62   2              }
  63   1              j = j >> 4; //16次平均
  64   1              
  65   1              Value=(1.23*(float)j)/Bandgap*100;
  66   1              
  67   1              return Value;
  68   1      }
  69          
  70          
  71          
  72          void main()
  73          {
  74   1        uchar i=0;
  75   1        uint VolValue;
  76   1        
  77   1        Initialize_LCD();
  78   1        
  79   1      //  LCDInit(); //LCM初始化
  80   1      //  LCDClear();
  81   1      //  
  82   1      //  InitADC();
  83   1        
  84   1        
  85   1        
  86   1        //EEPROM_SectorErase(EE_ADDRESS);
  87   1        //EEPROM_write_n(EE_ADDRESS,tmp,2);
  88   1        //EEPROM_read_n(EE_ADDRESS,tmp1,2);
  89   1        
  90   1        while(1)
  91   1        {
  92   2          
  93   2          
  94   2      //    DisplayListNum(0,1,tmp1[0]/10);
  95   2      //    DisplayListNum(1,1,tmp1[0]%10);
  96   2      //    DisplayListNum(2,1,tmp1[1]/10);
  97   2      //    DisplayListNum(3,1,tmp1[1]%10);
  98   2          
  99   2      //    VolValue=ReadAD(3);
 100   2      //    //VolValue=1024;
 101   2          PutString(0,0,"ADC:");
 102   2          PutString(1,0,"VOL");
 103   2      //    WriteChar(1,5,VolValue / 1000 +'0');
 104   2      //    WriteChar(1,6,VolValue % 1000/100 +'0');
 105   2      //    WriteChar(1,7,VolValue % 100/10 +'0');
 106   2      //    WriteChar(1,8,VolValue % 10 +'0');
 107   2        }
 108   1      }
*** WARNING C280 IN LINE 75 OF main.c: 'VolValue': unreferenced local variable


MODULE INFORMATION:   STATIC OVERLAYABLE
   CODE SIZE        =    270    ----
   CONSTANT SIZE    =     26    ----
   XDATA SIZE       =   ----    ----
   PDATA SIZE       =   ----    ----
C51 COMPILER V9.56.0.0   MAIN                                                              08/10/2017 10:44:22 PAGE 3   

   DATA SIZE        =      4       5
   IDATA SIZE       =   ----    ----
   BIT SIZE         =   ----    ----
END OF MODULE INFORMATION.


C51 COMPILATION COMPLETE.  1 WARNING(S),  0 ERROR(S)
