C51 COMPILER V9.56.0.0   ONEWIRE                                                           08/02/2017 17:25:04 PAGE 1   


C51 COMPILER V9.56.0.0, COMPILATION OF MODULE ONEWIRE
OBJECT MODULE PLACED IN .\Objects\onewire.obj
COMPILER INVOKED BY: D:\Program Files (x86)\Keil_C51\C51\BIN\C51.EXE onewire.c OPTIMIZE(8,SPEED) BROWSE DEBUG OBJECTEXTE
                    -ND PRINT(.\Listings\onewire.lst) TABS(2) OBJECT(.\Objects\onewire.obj)

line level    source

   1          /*
   2            程序说明: 单总线驱动程序
   3            软件环境: Keil uVision 4.10 
   4            硬件环境: CT107单片机综合实训平台
   5            日    期: 2011-8-9
   6          */
   7          
   8          #include "onewire.h"
   9          
  10          //单总线延时函数
  11          void Delay_OneWire(unsigned int t)
  12          {
  13   1        unsigned char i=0;
  14   1        while(t--)
  15   1        { 
  16   2          for(i=0;i<12;i++);
  17   2        }
  18   1      }
  19          
  20          //DS18B20芯片初始化
  21          bit Init_DS18B20(void)
  22          {
  23   1        bit initflag = 0;
  24   1        DQ = 1;
  25   1        Delay_OneWire(12);
  26   1        DQ = 0;
  27   1        Delay_OneWire(80); 
  28   1        DQ = 1;
  29   1        Delay_OneWire(10); 
  30   1        initflag = DQ;    
  31   1        Delay_OneWire(5);
  32   1        
  33   1        return initflag;
  34   1      }
  35          
  36          //通过单总线向DS18B20写一个字节
  37          void Write_DS18B20(unsigned char dat)
  38          {
  39   1        unsigned char i;
  40   1        for(i=0;i<8;i++)
  41   1        {
  42   2          DQ = 0;
  43   2          DQ = dat&0x01;
  44   2          Delay_OneWire(5);
  45   2          DQ = 1;
  46   2          dat >>= 1;
  47   2        }
  48   1        Delay_OneWire(5);
  49   1      }
  50          
  51          //从DS18B20读取一个字节
  52          unsigned char Read_DS18B20(void)
  53          {
  54   1        unsigned char i;
C51 COMPILER V9.56.0.0   ONEWIRE                                                           08/02/2017 17:25:04 PAGE 2   

  55   1        unsigned char dat;
  56   1        
  57   1        for(i=0;i<8;i++)
  58   1        {
  59   2          DQ = 0;
  60   2          dat >>= 1;
  61   2          DQ = 1;
  62   2          if(DQ)
  63   2          {
  64   3            dat |= 0x80;
  65   3          }     
  66   2          Delay_OneWire(5);
  67   2        }
  68   1        return dat;
  69   1      }


MODULE INFORMATION:   STATIC OVERLAYABLE
   CODE SIZE        =    121    ----
   CONSTANT SIZE    =   ----    ----
   XDATA SIZE       =   ----    ----
   PDATA SIZE       =   ----    ----
   DATA SIZE        =   ----    ----
   IDATA SIZE       =   ----    ----
   BIT SIZE         =   ----       1
END OF MODULE INFORMATION.


C51 COMPILATION COMPLETE.  0 WARNING(S),  0 ERROR(S)
