C51 COMPILER V9.01   LED                                                                   07/19/2013 10:32:26 PAGE 1   


C51 COMPILER V9.01, COMPILATION OF MODULE LED
OBJECT MODULE PLACED IN LED.OBJ
COMPILER INVOKED BY: C:\Keil\C51\BIN\C51.EXE LED.C BROWSE DEBUG OBJECTEXTEND

line level    source

   1          
   2          #include <reg52.h>
   3          char LED,LED1;
   4          
   5          
   6          /*******延时函数*************/
   7          void delay(unsigned int i)
   8          {
   9   1          unsigned char j;
  10   1          for(i; i > 0; i--)
  11   1              for(j = 255; j > 0; j--);
  12   1      
  13   1      }
  14          
  15          
  16          /*******主函数*************/
  17          main()
  18          { 
  19   1        unsigned char i;
  20   1        
  21   1        while (1) 
  22   1        {      LED  = 0xfe;
  23   2               LED1 = 0x7f;
  24   2               for (i = 0 ;i < 8 ; i++)
  25   2                { 
  26   3                  P0 = LED;
  27   3                      P1 = LED1;
  28   3                      P2 = LED;
  29   3                      P3 = LED;
  30   3                  delay(400);
  31   3                  LED = LED << 1;                
  32   3                      LED1= LED1>>1;              
  33   3                  LED = LED | 0x01;              
  34   3                      LED1= LED1 |0x80;
  35   3                 if (LED == 0x7f)      break; 
  36   3                 }
  37   2              
  38   2                 for (i = 0 ;i < 8 ; i++)
  39   2                 {
  40   3                       
  41   3                 P0 = LED;
  42   3                 P1 = LED1;
  43   3                 P2 = LED;
  44   3                 P3 = LED;
  45   3                 delay(400);
  46   3                 LED = LED >> 1;       
  47   3                 LED1 = LED1<<1;
  48   3                 LED = LED | 0x80;     
  49   3                 LED1=LED1 | 0x01;
  50   3                 
  51   3                 }
  52   2      
  53   2         }
  54   1       
  55   1      }
C51 COMPILER V9.01   LED                                                                   07/19/2013 10:32:26 PAGE 2   

  56          
  57          
  58          


MODULE INFORMATION:   STATIC OVERLAYABLE
   CODE SIZE        =    110    ----
   CONSTANT SIZE    =   ----    ----
   XDATA SIZE       =   ----    ----
   PDATA SIZE       =   ----    ----
   DATA SIZE        =      2    ----
   IDATA SIZE       =   ----    ----
   BIT SIZE         =   ----    ----
END OF MODULE INFORMATION.


C51 COMPILATION COMPLETE.  0 WARNING(S),  0 ERROR(S)
