C51 COMPILER V9.00   MAIN                                                                  08/26/2013 21:31:28 PAGE 1   


C51 COMPILER V9.00, COMPILATION OF MODULE MAIN
OBJECT MODULE PLACED IN main.OBJ
COMPILER INVOKED BY: d:\Keil\C51\BIN\C51.EXE main.c BROWSE DEBUG OBJECTEXTEND

line level    source

   1          #include "reg52.h"
   2          #include "NRF.h"
   3          #include "temp.h"
   4          #include "12864.h"
   5          
   6          
   7          #define uint unsigned int
   8          #define uchar unsigned char
   9          
  10          
  11          uchar rece[4];
  12          
  13          
  14          void main()
  15          {
  16   1              init12864();
  17   1              init_NRF24L01();
  18   1              while(1)
  19   1              {
  20   2                      change();
  21   2                      display_string(0,1,"本地温度");
  22   2                      display_onchar(0,2,s[0]);
  23   2                      display_onchar(1,2,s[1]);
  24   2                      display_onchar(2,2,s[2]);
  25   2                      display_onchar(3,2,s[3]);
  26   2                      send(s);
  27   2                      
  28   2                      receive(rece);
  29   2                      display_string(0,3,"外地温度");
  30   2                      display_onchar(0,4,rece[0]);
  31   2                      display_onchar(1,4,rece[1]);
  32   2                      display_onchar(2,4,rece[2]);
  33   2                      display_onchar(3,4,rece[3]);
  34   2              
  35   2              }
  36   1      
  37   1      }


MODULE INFORMATION:   STATIC OVERLAYABLE
   CODE SIZE        =   1252    ----
   CONSTANT SIZE    =     18    ----
   XDATA SIZE       =   ----    ----
   PDATA SIZE       =   ----    ----
   DATA SIZE        =     26      34
   IDATA SIZE       =   ----    ----
   BIT SIZE         =   ----    ----
END OF MODULE INFORMATION.


C51 COMPILATION COMPLETE.  0 WARNING(S),  0 ERROR(S)
